<?xml version="1.0" encoding="UTF-8"?>
<testsuite xmlns:xsi="http://www.w3.org/2001/XMLSchema-instance" xsi:noNamespaceSchemaLocation="https://maven.apache.org/surefire/maven-surefire-plugin/xsd/surefire-test-report-3.0.xsd" version="3.0" name="com.rednet.sessionservice.service.impl.SessionServiceImplTest" time="3.345" tests="17" errors="0" skipped="0" failures="0">
  <properties>
[...]
</properties>
  <testcase name="deleteSession_InvalidToken_UsedToken" classname="com.rednet.sessionservice.service.impl.SessionServiceImplTest" time="0.507"/>
  <testcase name="deleteSession_InvalidToken_InvalidSessionID" classname="com.rednet.sessionservice.service.impl.SessionServiceImplTest" time="0.016"/>
  <testcase name="getSession" classname="com.rednet.sessionservice.service.impl.SessionServiceImplTest" time="0.017"/>
  <testcase name="getSessionsByUserID" classname="com.rednet.sessionservice.service.impl.SessionServiceImplTest" time="0.009"/>
  <testcase name="getSession_SessionNotFound" classname="com.rednet.sessionservice.service.impl.SessionServiceImplTest" time="0.011"/>
  <testcase name="refreshSession_InvalidToken" classname="com.rednet.sessionservice.service.impl.SessionServiceImplTest" time="0.013"/>
  <testcase name="createSession" classname="com.rednet.sessionservice.service.impl.SessionServiceImplTest" time="0.036"/>
  <testcase name="refreshSession_InvalidToken_InvalidSessionID" classname="com.rednet.sessionservice.service.impl.SessionServiceImplTest" time="0.011"/>
  <testcase name="refreshSession" classname="com.rednet.sessionservice.service.impl.SessionServiceImplTest" time="0.025"/>
  <testcase name="deleteSessionsByUserID" classname="com.rednet.sessionservice.service.impl.SessionServiceImplTest" time="0.004"/>
  <testcase name="deleteSession_SessionRemovingError" classname="com.rednet.sessionservice.service.impl.SessionServiceImplTest" time="0.01"/>
  <testcase name="getSessionsByUserID_UserSessionsNotFound" classname="com.rednet.sessionservice.service.impl.SessionServiceImplTest" time="0.006"/>
  <testcase name="refreshSession_InvalidToken_UsedToken" classname="com.rednet.sessionservice.service.impl.SessionServiceImplTest" time="0.01"/>
  <testcase name="deleteSession_InvalidToken" classname="com.rednet.sessionservice.service.impl.SessionServiceImplTest" time="0.005"/>
  <testcase name="deleteSessionsByUserID_UserSessionsNotFound" classname="com.rednet.sessionservice.service.impl.SessionServiceImplTest" time="0.003"/>
  <testcase name="deleteSession" classname="com.rednet.sessionservice.service.impl.SessionServiceImplTest" time="0.009"/>
  <testcase name="deleteSessionsByUserID_UserSessionsRemovingError" classname="com.rednet.sessionservice.service.impl.SessionServiceImplTest" time="0.006"/>
</testsuite>